<?xml version="1.0" encoding="UTF-8"?>
<testsuite xmlns:xsi="http://www.w3.org/2001/XMLSchema-instance" xsi:schemaLocation="https://maven.apache.org/surefire/maven-surefire-plugin/xsd/surefire-test-report.xsd" name="Statment_Brancch_coverage.Statment_Brancch_coverage.TestSuite" time="0.093" tests="22" errors="0" skipped="0" failures="0">
  <properties>
[...]
</properties>
  <testcase name="testSilverStatusWithHighCartHighCredit" classname="Statment_Brancch_coverage.Statment_Brancch_coverage.CheckoutTest" time="0.006"/>
  <testcase name="testGoldStatusWithHighCartHighCredit" classname="Statment_Brancch_coverage.Statment_Brancch_coverage.CheckoutTest" time="0"/>
  <testcase name="testSilverStatusWithHighCartLowCredit" classname="Statment_Brancch_coverage.Statment_Brancch_coverage.CheckoutTest" time="0"/>
  <testcase name="testNoStatusWithHighCartHighCredit" classname="Statment_Brancch_coverage.Statment_Brancch_coverage.CheckoutTest" time="0"/>
  <testcase name="testGoldStatusWithLowCart" classname="Statment_Brancch_coverage.Statment_Brancch_coverage.CheckoutTest" time="0.001"/>
  <testcase name="testNoStatusWithLowCart" classname="Statment_Brancch_coverage.Statment_Brancch_coverage.CheckoutTest" time="0"/>
  <testcase name="testSilverStatusWithLowCart" classname="Statment_Brancch_coverage.Statment_Brancch_coverage.CheckoutTest" time="0"/>
  <testcase name="testNoStatusWithHighCartLowCredit" classname="Statment_Brancch_coverage.Statment_Brancch_coverage.CheckoutTest" time="0"/>
  <testcase name="testGoldStatusWithHighCartLowCredit" classname="Statment_Brancch_coverage.Statment_Brancch_coverage.CheckoutTest" time="0"/>
  <testcase name="b_bigger_than_a" classname="Statment_Brancch_coverage.Statment_Brancch_coverage.Ex1_a" time="0.002"/>
  <testcase name="a_bigger_than_b" classname="Statment_Brancch_coverage.Statment_Brancch_coverage.Ex1_b" time="0"/>
  <testcase name="b_bigger_than_a" classname="Statment_Brancch_coverage.Statment_Brancch_coverage.Ex1_b" time="0"/>
  <testcase name="a_equal_b" classname="Statment_Brancch_coverage.Statment_Brancch_coverage.Ex1_b" time="0.001"/>
  <testcase name="testDivisionByZero" classname="Statment_Brancch_coverage.Statment_Brancch_coverage.Ex2_a" time="0"/>
  <testcase name="testDivisionByZero" classname="Statment_Brancch_coverage.Statment_Brancch_coverage.Ex2_a" time="0"/>
  <testcase name="testPositiveX" classname="Statment_Brancch_coverage.Statment_Brancch_coverage.Ex3_a" time="0.001"/>
  <testcase name="testNegativeX" classname="Statment_Brancch_coverage.Statment_Brancch_coverage.Ex3_a" time="0"/>
  <testcase name="testPositiveX" classname="Statment_Brancch_coverage.Statment_Brancch_coverage.Ex3_b" time="0"/>
  <testcase name="testNegativeX" classname="Statment_Brancch_coverage.Statment_Brancch_coverage.Ex3_b" time="0"/>
  <testcase name="testDivisionByZero" classname="Statment_Brancch_coverage.Statment_Brancch_coverage.Ex3_b" time="0"/>
  <testcase name="testPositiveX" classname="Statment_Brancch_coverage.Statment_Brancch_coverage.Ex4_a" time="0"/>
  <testcase name="testVeryNegativeX" classname="Statment_Brancch_coverage.Statment_Brancch_coverage.Ex4_a" time="0"/>
</testsuite>